#
# There is insufficient memory for the Java Runtime Environment to continue.
# Native memory allocation (malloc) failed to allocate 544176 bytes for Chunk::new
# Possible reasons:
#   The system is out of physical RAM or swap space
#   The process is running with CompressedOops enabled, and the Java Heap may be blocking the growth of the native heap
# Possible solutions:
#   Reduce memory load on the system
#   Increase physical memory or swap space
#   Check if swap backing store is full
#   Decrease Java heap size (-Xmx/-Xms)
#   Decrease number of Java threads
#   Decrease Java thread stack sizes (-Xss)
#   Set larger code cache with -XX:ReservedCodeCacheSize=
#   JVM is running with Unscaled Compressed Oops mode in which the Java heap is
#     placed in the first 4GB address space. The Java Heap base address is the
#     maximum limit for the native heap growth. Please use -XX:HeapBaseMinAddress
#     to set the Java Heap base and to place the Java Heap above 4GB virtual address.
# This output file may be truncated or incomplete.
#
#  Out of Memory Error (./open/src/hotspot/share/memory/arena.cpp:197), pid=21940, tid=3400
#
# JRE version: Java(TM) SE Runtime Environment 18.9 (11.0.18+9) (build 11.0.18+9-LTS-195)
# Java VM: Java HotSpot(TM) 64-Bit Server VM 18.9 (11.0.18+9-LTS-195, mixed mode, tiered, compressed oops, g1 gc, windows-amd64)
# No core dump will be written. Minidumps are not enabled by default on client versions of Windows
#

---------------  S U M M A R Y ------------

Command Line: -Xmx64m -Xms64m -Dorg.gradle.appname=gradlew org.gradle.wrapper.GradleWrapperMain app:installDebug -PreactNativeDevServerPort=8081

Host: AMD Ryzen 3 3250U with Radeon Graphics         , 4 cores, 5G,  Windows 11 , 64 bit Build 22000 (10.0.22000.1761)
Time: Mon Apr 24 13:30:31 2023 Paraguay Standard Time elapsed time: 2.482272 seconds (0d 0h 0m 2s)

---------------  T H R E A D  ---------------

Current thread (0x000002dadcd36800):  JavaThread "C2 CompilerThread0" daemon [_thread_in_native, id=3400, stack(0x000000ee19c00000,0x000000ee19d00000)]


Current CompileTask:
C2:   2482  838  s!   4       jdk.internal.loader.URLClassPath::getLoader (194 bytes)

Stack: [0x000000ee19c00000,0x000000ee19d00000]
Native frames: (J=compiled Java code, j=interpreted, Vv=VM code, C=native code)
V  [jvm.dll+0x65d8aa]
V  [jvm.dll+0x79fc1f]
V  [jvm.dll+0x7a12e9]
V  [jvm.dll+0x7a1983]
V  [jvm.dll+0x2585b5]
V  [jvm.dll+0xb284c]
V  [jvm.dll+0xb2e0c]
V  [jvm.dll+0x365e21]
V  [jvm.dll+0x32eb15]
V  [jvm.dll+0x32defa]
V  [jvm.dll+0x2113ad]
V  [jvm.dll+0x210378]
V  [jvm.dll+0x18c641]
V  [jvm.dll+0x220609]
V  [jvm.dll+0x21e92c]
V  [jvm.dll+0x763f61]
V  [jvm.dll+0x75c924]
V  [jvm.dll+0x65c755]
C  [ucrtbase.dll+0x26c0c]
C  [KERNEL32.DLL+0x15590]
C  [ntdll.dll+0x485b]


---------------  P R O C E S S  ---------------

Threads class SMR info:
_java_thread_list=0x000002dadcfc1780, length=10, elements={
0x000002dac3757000, 0x000002dadcca5800, 0x000002dadccc8000, 0x000002dadcd2b800,
0x000002dadcd2e000, 0x000002dadcd30000, 0x000002dadcd36800, 0x000002dadcd40000,
0x000002dadcd43000, 0x000002dadcfc8000
}

Java Threads: ( => current thread )
  0x000002dac3757000 JavaThread "main" [_thread_in_vm, id=12604, stack(0x000000ee18f00000,0x000000ee19000000)]
  0x000002dadcca5800 JavaThread "Reference Handler" daemon [_thread_blocked, id=19956, stack(0x000000ee19600000,0x000000ee19700000)]
  0x000002dadccc8000 JavaThread "Finalizer" daemon [_thread_blocked, id=11744, stack(0x000000ee19700000,0x000000ee19800000)]
  0x000002dadcd2b800 JavaThread "Signal Dispatcher" daemon [_thread_blocked, id=6012, stack(0x000000ee19900000,0x000000ee19a00000)]
  0x000002dadcd2e000 JavaThread "Attach Listener" daemon [_thread_blocked, id=21376, stack(0x000000ee19a00000,0x000000ee19b00000)]
  0x000002dadcd30000 JavaThread "Service Thread" daemon [_thread_blocked, id=2532, stack(0x000000ee19b00000,0x000000ee19c00000)]
=>0x000002dadcd36800 JavaThread "C2 CompilerThread0" daemon [_thread_in_native, id=3400, stack(0x000000ee19c00000,0x000000ee19d00000)]
  0x000002dadcd40000 JavaThread "C1 CompilerThread0" daemon [_thread_blocked, id=21944, stack(0x000000ee19d00000,0x000000ee19e00000)]
  0x000002dadcd43000 JavaThread "Sweeper thread" daemon [_thread_blocked, id=12696, stack(0x000000ee19e00000,0x000000ee19f00000)]
  0x000002dadcfc8000 JavaThread "Common-Cleaner" daemon [_thread_blocked, id=2836, stack(0x000000ee1a000000,0x000000ee1a100000)]

Other Threads:
  0x000002dadcca1000 VMThread "VM Thread" [stack: 0x000000ee19500000,0x000000ee19600000] [id=6516]
  0x000002dadcfbb800 WatcherThread [stack: 0x000000ee19f00000,0x000000ee1a000000] [id=6376]
  0x000002dac376b800 GCTaskThread "GC Thread#0" [stack: 0x000000ee19000000,0x000000ee19100000] [id=20456]
  0x000002dadd564800 GCTaskThread "GC Thread#1" [stack: 0x000000ee1a100000,0x000000ee1a200000] [id=20000]
  0x000002dac3772800 ConcurrentGCThread "G1 Main Marker" [stack: 0x000000ee19100000,0x000000ee19200000] [id=268]
  0x000002dac3774800 ConcurrentGCThread "G1 Conc#0" [stack: 0x000000ee19200000,0x000000ee19300000] [id=18028]
  0x000002dac37ca800 ConcurrentGCThread "G1 Refine#0" [stack: 0x000000ee19300000,0x000000ee19400000] [id=8780]
  0x000002dac37cd800 ConcurrentGCThread "G1 Young RemSet Sampling" [stack: 0x000000ee19400000,0x000000ee19500000] [id=5840]

Threads with active compile tasks:
C2 CompilerThread0     2523  838  s!   4       jdk.internal.loader.URLClassPath::getLoader (194 bytes)

VM state:not at safepoint (normal execution)

VM Mutex/Monitor currently owned by a thread: None

Heap address: 0x00000000fc000000, size: 64 MB, Compressed Oops mode: 32-bit
Narrow klass base: 0x0000000000000000, Narrow klass shift: 3
Compressed class space size: 1073741824 Address: 0x0000000100000000

Heap:
 garbage-first heap   total 65536K, used 15762K [0x00000000fc000000, 0x0000000100000000)
  region size 1024K, 12 young (12288K), 2 survivors (2048K)
 Metaspace       used 9681K, capacity 9902K, committed 10112K, reserved 1058816K
  class space    used 973K, capacity 1066K, committed 1152K, reserved 1048576K
Heap Regions: E=young(eden), S=young(survivor), O=old, HS=humongous(starts), HC=humongous(continues), CS=collection set, F=free, A=archive, TAMS=top-at-mark-start (previous, next)
|   0|0x00000000fc000000, 0x00000000fc100000, 0x00000000fc100000|100%|HS|  |TAMS 0x00000000fc000000, 0x00000000fc000000| Complete 
|   1|0x00000000fc100000, 0x00000000fc200000, 0x00000000fc200000|100%|HC|  |TAMS 0x00000000fc100000, 0x00000000fc100000| Complete 
|   2|0x00000000fc200000, 0x00000000fc300000, 0x00000000fc300000|100%|HC|  |TAMS 0x00000000fc200000, 0x00000000fc200000| Complete 
|   3|0x00000000fc300000, 0x00000000fc400000, 0x00000000fc400000|100%| O|  |TAMS 0x00000000fc300000, 0x00000000fc300000| Untracked 
|   4|0x00000000fc400000, 0x00000000fc464a00, 0x00000000fc500000| 39%| O|  |TAMS 0x00000000fc400000, 0x00000000fc400000| Untracked 
|   5|0x00000000fc500000, 0x00000000fc500000, 0x00000000fc600000|  0%| F|  |TAMS 0x00000000fc500000, 0x00000000fc500000| Untracked 
|   6|0x00000000fc600000, 0x00000000fc600000, 0x00000000fc700000|  0%| F|  |TAMS 0x00000000fc600000, 0x00000000fc600000| Untracked 
|   7|0x00000000fc700000, 0x00000000fc700000, 0x00000000fc800000|  0%| F|  |TAMS 0x00000000fc700000, 0x00000000fc700000| Untracked 
|   8|0x00000000fc800000, 0x00000000fc800000, 0x00000000fc900000|  0%| F|  |TAMS 0x00000000fc800000, 0x00000000fc800000| Untracked 
|   9|0x00000000fc900000, 0x00000000fc900000, 0x00000000fca00000|  0%| F|  |TAMS 0x00000000fc900000, 0x00000000fc900000| Untracked 
|  10|0x00000000fca00000, 0x00000000fca00000, 0x00000000fcb00000|  0%| F|  |TAMS 0x00000000fca00000, 0x00000000fca00000| Untracked 
|  11|0x00000000fcb00000, 0x00000000fcb00000, 0x00000000fcc00000|  0%| F|  |TAMS 0x00000000fcb00000, 0x00000000fcb00000| Untracked 
|  12|0x00000000fcc00000, 0x00000000fcc00000, 0x00000000fcd00000|  0%| F|  |TAMS 0x00000000fcc00000, 0x00000000fcc00000| Untracked 
|  13|0x00000000fcd00000, 0x00000000fcd00000, 0x00000000fce00000|  0%| F|  |TAMS 0x00000000fcd00000, 0x00000000fcd00000| Untracked 
|  14|0x00000000fce00000, 0x00000000fce00000, 0x00000000fcf00000|  0%| F|  |TAMS 0x00000000fce00000, 0x00000000fce00000| Untracked 
|  15|0x00000000fcf00000, 0x00000000fcf00000, 0x00000000fd000000|  0%| F|  |TAMS 0x00000000fcf00000, 0x00000000fcf00000| Untracked 
|  16|0x00000000fd000000, 0x00000000fd000000, 0x00000000fd100000|  0%| F|  |TAMS 0x00000000fd000000, 0x00000000fd000000| Untracked 
|  17|0x00000000fd100000, 0x00000000fd100000, 0x00000000fd200000|  0%| F|  |TAMS 0x00000000fd100000, 0x00000000fd100000| Untracked 
|  18|0x00000000fd200000, 0x00000000fd200000, 0x00000000fd300000|  0%| F|  |TAMS 0x00000000fd200000, 0x00000000fd200000| Untracked 
|  19|0x00000000fd300000, 0x00000000fd300000, 0x00000000fd400000|  0%| F|  |TAMS 0x00000000fd300000, 0x00000000fd300000| Untracked 
|  20|0x00000000fd400000, 0x00000000fd400000, 0x00000000fd500000|  0%| F|  |TAMS 0x00000000fd400000, 0x00000000fd400000| Untracked 
|  21|0x00000000fd500000, 0x00000000fd500000, 0x00000000fd600000|  0%| F|  |TAMS 0x00000000fd500000, 0x00000000fd500000| Untracked 
|  22|0x00000000fd600000, 0x00000000fd600000, 0x00000000fd700000|  0%| F|  |TAMS 0x00000000fd600000, 0x00000000fd600000| Untracked 
|  23|0x00000000fd700000, 0x00000000fd700000, 0x00000000fd800000|  0%| F|  |TAMS 0x00000000fd700000, 0x00000000fd700000| Untracked 
|  24|0x00000000fd800000, 0x00000000fd800000, 0x00000000fd900000|  0%| F|  |TAMS 0x00000000fd800000, 0x00000000fd800000| Untracked 
|  25|0x00000000fd900000, 0x00000000fd900000, 0x00000000fda00000|  0%| F|  |TAMS 0x00000000fd900000, 0x00000000fd900000| Untracked 
|  26|0x00000000fda00000, 0x00000000fda00000, 0x00000000fdb00000|  0%| F|  |TAMS 0x00000000fda00000, 0x00000000fda00000| Untracked 
|  27|0x00000000fdb00000, 0x00000000fdb00000, 0x00000000fdc00000|  0%| F|  |TAMS 0x00000000fdb00000, 0x00000000fdb00000| Untracked 
|  28|0x00000000fdc00000, 0x00000000fdc00000, 0x00000000fdd00000|  0%| F|  |TAMS 0x00000000fdc00000, 0x00000000fdc00000| Untracked 
|  29|0x00000000fdd00000, 0x00000000fdd00000, 0x00000000fde00000|  0%| F|  |TAMS 0x00000000fdd00000, 0x00000000fdd00000| Untracked 
|  30|0x00000000fde00000, 0x00000000fde00000, 0x00000000fdf00000|  0%| F|  |TAMS 0x00000000fde00000, 0x00000000fde00000| Untracked 
|  31|0x00000000fdf00000, 0x00000000fdf00000, 0x00000000fe000000|  0%| F|  |TAMS 0x00000000fdf00000, 0x00000000fdf00000| Untracked 
|  32|0x00000000fe000000, 0x00000000fe000000, 0x00000000fe100000|  0%| F|  |TAMS 0x00000000fe000000, 0x00000000fe000000| Untracked 
|  33|0x00000000fe100000, 0x00000000fe100000, 0x00000000fe200000|  0%| F|  |TAMS 0x00000000fe100000, 0x00000000fe100000| Untracked 
|  34|0x00000000fe200000, 0x00000000fe200000, 0x00000000fe300000|  0%| F|  |TAMS 0x00000000fe200000, 0x00000000fe200000| Untracked 
|  35|0x00000000fe300000, 0x00000000fe300000, 0x00000000fe400000|  0%| F|  |TAMS 0x00000000fe300000, 0x00000000fe300000| Untracked 
|  36|0x00000000fe400000, 0x00000000fe400000, 0x00000000fe500000|  0%| F|  |TAMS 0x00000000fe400000, 0x00000000fe400000| Untracked 
|  37|0x00000000fe500000, 0x00000000fe500000, 0x00000000fe600000|  0%| F|  |TAMS 0x00000000fe500000, 0x00000000fe500000| Untracked 
|  38|0x00000000fe600000, 0x00000000fe600000, 0x00000000fe700000|  0%| F|  |TAMS 0x00000000fe600000, 0x00000000fe600000| Untracked 
|  39|0x00000000fe700000, 0x00000000fe700000, 0x00000000fe800000|  0%| F|  |TAMS 0x00000000fe700000, 0x00000000fe700000| Untracked 
|  40|0x00000000fe800000, 0x00000000fe800000, 0x00000000fe900000|  0%| F|  |TAMS 0x00000000fe800000, 0x00000000fe800000| Untracked 
|  41|0x00000000fe900000, 0x00000000fe900000, 0x00000000fea00000|  0%| F|  |TAMS 0x00000000fe900000, 0x00000000fe900000| Untracked 
|  42|0x00000000fea00000, 0x00000000fea00000, 0x00000000feb00000|  0%| F|  |TAMS 0x00000000fea00000, 0x00000000fea00000| Untracked 
|  43|0x00000000feb00000, 0x00000000feb00000, 0x00000000fec00000|  0%| F|  |TAMS 0x00000000feb00000, 0x00000000feb00000| Untracked 
|  44|0x00000000fec00000, 0x00000000fec00000, 0x00000000fed00000|  0%| F|  |TAMS 0x00000000fec00000, 0x00000000fec00000| Untracked 
|  45|0x00000000fed00000, 0x00000000fed00000, 0x00000000fee00000|  0%| F|  |TAMS 0x00000000fed00000, 0x00000000fed00000| Untracked 
|  46|0x00000000fee00000, 0x00000000fee00000, 0x00000000fef00000|  0%| F|  |TAMS 0x00000000fee00000, 0x00000000fee00000| Untracked 
|  47|0x00000000fef00000, 0x00000000fef00000, 0x00000000ff000000|  0%| F|  |TAMS 0x00000000fef00000, 0x00000000fef00000| Untracked 
|  48|0x00000000ff000000, 0x00000000ff100000, 0x00000000ff100000|100%| S|CS|TAMS 0x00000000ff000000, 0x00000000ff000000| Complete 
|  49|0x00000000ff100000, 0x00000000ff200000, 0x00000000ff200000|100%| S|CS|TAMS 0x00000000ff100000, 0x00000000ff100000| Complete 
|  50|0x00000000ff200000, 0x00000000ff200000, 0x00000000ff300000|  0%| F|  |TAMS 0x00000000ff200000, 0x00000000ff200000| Untracked 
|  51|0x00000000ff300000, 0x00000000ff300000, 0x00000000ff400000|  0%| F|  |TAMS 0x00000000ff300000, 0x00000000ff300000| Untracked 
|  52|0x00000000ff400000, 0x00000000ff400000, 0x00000000ff500000|  0%| F|  |TAMS 0x00000000ff400000, 0x00000000ff400000| Untracked 
|  53|0x00000000ff500000, 0x00000000ff500000, 0x00000000ff600000|  0%| F|  |TAMS 0x00000000ff500000, 0x00000000ff500000| Untracked 
|  54|0x00000000ff600000, 0x00000000ff681460, 0x00000000ff700000| 50%| E|  |TAMS 0x00000000ff600000, 0x00000000ff600000| Complete 
|  55|0x00000000ff700000, 0x00000000ff800000, 0x00000000ff800000|100%| E|CS|TAMS 0x00000000ff700000, 0x00000000ff700000| Complete 
|  56|0x00000000ff800000, 0x00000000ff900000, 0x00000000ff900000|100%| E|CS|TAMS 0x00000000ff800000, 0x00000000ff800000| Complete 
|  57|0x00000000ff900000, 0x00000000ffa00000, 0x00000000ffa00000|100%| E|CS|TAMS 0x00000000ff900000, 0x00000000ff900000| Complete 
|  58|0x00000000ffa00000, 0x00000000ffb00000, 0x00000000ffb00000|100%| E|CS|TAMS 0x00000000ffa00000, 0x00000000ffa00000| Complete 
|  59|0x00000000ffb00000, 0x00000000ffc00000, 0x00000000ffc00000|100%| E|CS|TAMS 0x00000000ffb00000, 0x00000000ffb00000| Complete 
|  60|0x00000000ffc00000, 0x00000000ffd00000, 0x00000000ffd00000|100%| E|CS|TAMS 0x00000000ffc00000, 0x00000000ffc00000| Complete 
|  61|0x00000000ffd00000, 0x00000000ffe00000, 0x00000000ffe00000|100%| E|CS|TAMS 0x00000000ffd00000, 0x00000000ffd00000| Complete 
|  62|0x00000000ffe00000, 0x00000000fff00000, 0x00000000fff00000|100%| E|CS|TAMS 0x00000000ffe00000, 0x00000000ffe00000| Complete 
|  63|0x00000000fff00000, 0x0000000100000000, 0x0000000100000000|100%| E|CS|TAMS 0x00000000fff00000, 0x00000000fff00000| Complete 

Card table byte_map: [0x000002dac3570000,0x000002dac3590000] _byte_map_base: 0x000002dac2d90000

Marking Bits (Prev, Next): (CMBitMap*) 0x000002dac37714b8, (CMBitMap*) 0x000002dac37714f0
 Prev Bits: [0x000002dac35b0000, 0x000002dac36b0000)
 Next Bits: [0x000002dad9e30000, 0x000002dad9f30000)

Polling page: 0x000002dac1750000

Metaspace:

Usage:
  Non-class:      8.63 MB capacity,     8.50 MB ( 99%) used,   117.98 KB (  1%) free+waste,     9.81 KB ( <1%) overhead. 
      Class:      1.04 MB capacity,   973.28 KB ( 91%) used,    87.84 KB (  8%) free+waste,     4.88 KB ( <1%) overhead. 
       Both:      9.67 MB capacity,     9.45 MB ( 98%) used,   205.82 KB (  2%) free+waste,    14.69 KB ( <1%) overhead. 

Virtual space:
  Non-class space:       10.00 MB reserved,       8.75 MB ( 88%) committed 
      Class space:        1.00 GB reserved,       1.12 MB ( <1%) committed 
             Both:        1.01 GB reserved,       9.88 MB ( <1%) committed 

Chunk freelists:
   Non-Class:  7.50 KB
       Class:  2.75 KB
        Both:  10.25 KB

CodeHeap 'non-profiled nmethods': size=120064Kb used=274Kb max_used=274Kb free=119789Kb
 bounds [0x000002dad28f0000, 0x000002dad2b60000, 0x000002dad9e30000]
CodeHeap 'profiled nmethods': size=120000Kb used=1605Kb max_used=1605Kb free=118394Kb
 bounds [0x000002dacb3c0000, 0x000002dacb630000, 0x000002dad28f0000]
CodeHeap 'non-nmethods': size=5696Kb used=1068Kb max_used=1087Kb free=4627Kb
 bounds [0x000002dacae30000, 0x000002dacb0a0000, 0x000002dacb3c0000]
 total_blobs=1205 nmethods=838 adapters=279
 compilation: enabled
              stopped_count=0, restarted_count=0
 full_count=0

Compilation events (10 events):
Event: 2.412 Thread 0x000002dadcd36800 nmethod 831 0x000002dad2930890 code [0x000002dad2930ba0, 0x000002dad29329a8]
Event: 2.412 Thread 0x000002dadcd36800  835   !   4       java.util.jar.JarFile::isMultiRelease (33 bytes)
Event: 2.413 Thread 0x000002dadcd40000  836       3       sun.net.www.ParseUtil::encodePath (41 bytes)
Event: 2.413 Thread 0x000002dadcd36800 nmethod 835 0x000002dad2934090 code [0x000002dad2934220, 0x000002dad29342e8]
Event: 2.413 Thread 0x000002dadcd40000 nmethod 836 0x000002dacb54ef10 code [0x000002dacb54f0e0, 0x000002dacb54f328]
Event: 2.413 Thread 0x000002dadcd36800  834       4       java.lang.String::lastIndexOf (29 bytes)
Event: 2.413 Thread 0x000002dadcd40000  837       3       java.util.jar.JarFile::getManifestFromReference (151 bytes)
Event: 2.415 Thread 0x000002dadcd40000 nmethod 837 0x000002dacb54f410 code [0x000002dacb54f6e0, 0x000002dacb5507c8]
Event: 2.418 Thread 0x000002dadcd36800 nmethod 834 0x000002dad2934390 code [0x000002dad2934520, 0x000002dad2934738]
Event: 2.428 Thread 0x000002dadcd36800  838  s!   4       jdk.internal.loader.URLClassPath::getLoader (194 bytes)

GC Heap History (2 events):
Event: 1.173 GC heap before
{Heap before GC invocations=0 (full 0):
 garbage-first heap   total 65536K, used 17408K [0x00000000fc000000, 0x0000000100000000)
  region size 1024K, 14 young (14336K), 0 survivors (0K)
 Metaspace       used 7579K, capacity 7765K, committed 7936K, reserved 1056768K
  class space    used 675K, capacity 756K, committed 768K, reserved 1048576K
}
Event: 1.182 GC heap after
{Heap after GC invocations=1 (full 0):
 garbage-first heap   total 65536K, used 3474K [0x00000000fc000000, 0x0000000100000000)
  region size 1024K, 2 young (2048K), 2 survivors (2048K)
 Metaspace       used 7579K, capacity 7765K, committed 7936K, reserved 1056768K
  class space    used 675K, capacity 756K, committed 768K, reserved 1048576K
}

Deoptimization events (10 events):
Event: 0.955 Thread 0x000002dac3757000 Uncommon trap: reason=unstable_if action=reinterpret pc=0x000002dad2908f08 method=java.util.regex.Pattern.append(II)V @ 6 c2
Event: 0.977 Thread 0x000002dac3757000 Uncommon trap: reason=unstable_if action=reinterpret pc=0x000002dad2900ae0 method=java.util.zip.ZipFile$Source.checkUTF8([BII)V @ 12 c2
Event: 1.089 Thread 0x000002dac3757000 Uncommon trap: reason=class_check action=maybe_recompile pc=0x000002dad2916238 method=java.util.HashMap.putVal(ILjava/lang/Object;Ljava/lang/Object;ZZ)Ljava/lang/Object; @ 203 c2
Event: 1.131 Thread 0x000002dac3757000 Uncommon trap: reason=class_check action=maybe_recompile pc=0x000002dad291617c method=java.util.HashMap.putVal(ILjava/lang/Object;Ljava/lang/Object;ZZ)Ljava/lang/Object; @ 91 c2
Event: 1.135 Thread 0x000002dac3757000 Uncommon trap: reason=class_check action=maybe_recompile pc=0x000002dad2916238 method=java.util.HashMap.putVal(ILjava/lang/Object;Ljava/lang/Object;ZZ)Ljava/lang/Object; @ 203 c2
Event: 1.250 Thread 0x000002dac3757000 Uncommon trap: reason=class_check action=maybe_recompile pc=0x000002dad2916238 method=java.util.HashMap.putVal(ILjava/lang/Object;Ljava/lang/Object;ZZ)Ljava/lang/Object; @ 203 c2
Event: 1.820 Thread 0x000002dac3757000 Uncommon trap: reason=bimorphic_or_optimized_type_check action=maybe_recompile pc=0x000002dad29211b4 method=java.util.HashMap.putVal(ILjava/lang/Object;Ljava/lang/Object;ZZ)Ljava/lang/Object; @ 91 c2
Event: 1.821 Thread 0x000002dac3757000 Uncommon trap: reason=bimorphic_or_optimized_type_check action=maybe_recompile pc=0x000002dad29211b4 method=java.util.HashMap.putVal(ILjava/lang/Object;Ljava/lang/Object;ZZ)Ljava/lang/Object; @ 91 c2
Event: 1.821 Thread 0x000002dac3757000 Uncommon trap: reason=bimorphic_or_optimized_type_check action=maybe_recompile pc=0x000002dad29211b4 method=java.util.HashMap.putVal(ILjava/lang/Object;Ljava/lang/Object;ZZ)Ljava/lang/Object; @ 91 c2
Event: 1.824 Thread 0x000002dac3757000 Uncommon trap: reason=bimorphic_or_optimized_type_check action=maybe_recompile pc=0x000002dad29211b4 method=java.util.HashMap.putVal(ILjava/lang/Object;Ljava/lang/Object;ZZ)Ljava/lang/Object; @ 91 c2

Classes redefined (0 events):
No events

Internal exceptions (4 events):
Event: 0.476 Thread 0x000002dac3757000 Exception <a 'java/lang/NoSuchMethodError'{0x00000000ffef52c0}: java.lang.invoke.DirectMethodHandle$Holder.invokeStaticInit(Ljava/lang/Object;Ljava/lang/Object;)V> (0x00000000ffef52c0) thrown at [./open/src/hotspot/share/interpreter/linkResolver.cpp, line
Event: 0.552 Thread 0x000002dac3757000 Exception <a 'java/lang/NoSuchMethodError'{0x00000000ffc6d7b0}: java.lang.invoke.DirectMethodHandle$Holder.invokeStaticInit(Ljava/lang/Object;Ljava/lang/Object;)I> (0x00000000ffc6d7b0) thrown at [./open/src/hotspot/share/interpreter/linkResolver.cpp, line
Event: 0.629 Thread 0x000002dac3757000 Exception <a 'java/lang/NoSuchMethodError'{0x00000000ffb413a8}: java.lang.invoke.DirectMethodHandle$Holder.invokeSpecial(Ljava/lang/Object;Ljava/lang/Object;Ljava/lang/Object;Ljava/lang/Object;)I> (0x00000000ffb413a8) thrown at [./open/src/hotspot/share/i
Event: 0.640 Thread 0x000002dac3757000 Exception <a 'java/lang/NoSuchMethodError'{0x00000000ffb79ea8}: java.lang.invoke.DirectMethodHandle$Holder.invokeSpecialIFC(Ljava/lang/Object;Ljava/lang/Object;I)I> (0x00000000ffb79ea8) thrown at [./open/src/hotspot/share/interpreter/linkResolver.cpp, lin

Events (10 events):
Event: 2.427 loading class org/gradle/internal/installation/beacon/InstallationBeacon
Event: 2.427 loading class org/gradle/internal/installation/beacon/InstallationBeacon done
Event: 2.428 loading class org/gradle/internal/classloader/ClasspathUtil
Event: 2.428 loading class org/gradle/internal/classloader/ClasspathUtil done
Event: 2.429 loading class org/gradle/internal/installation/GradleInstallation
Event: 2.429 loading class org/gradle/internal/installation/GradleInstallation done
Event: 2.431 loading class org/gradle/internal/installation/GradleInstallation$1
Event: 2.431 loading class org/gradle/internal/installation/GradleInstallation$1 done
Event: 2.468 loading class org/gradle/internal/FileUtils
Event: 2.468 loading class org/gradle/internal/FileUtils done


Dynamic libraries:
0x00007ff7b4360000 - 0x00007ff7b4370000 	C:\Program Files\Java\jdk-11\bin\java.exe
0x00007ffb84bc0000 - 0x00007ffb84dc9000 	C:\windows\SYSTEM32\ntdll.dll
0x00007ffb845b0000 - 0x00007ffb8466e000 	C:\windows\System32\KERNEL32.DLL
0x00007ffb822b0000 - 0x00007ffb82633000 	C:\windows\System32\KERNELBASE.dll
0x00007ffb82190000 - 0x00007ffb822a1000 	C:\windows\System32\ucrtbase.dll
0x00007ffb79cc0000 - 0x00007ffb79cd8000 	C:\Program Files\Java\jdk-11\bin\jli.dll
0x00007ffb84a30000 - 0x00007ffb84ade000 	C:\windows\System32\ADVAPI32.dll
0x00007ffb84110000 - 0x00007ffb841b3000 	C:\windows\System32\msvcrt.dll
0x00007ffb84870000 - 0x00007ffb8490e000 	C:\windows\System32\sechost.dll
0x00007ffb82b20000 - 0x00007ffb82c41000 	C:\windows\System32\RPCRT4.dll
0x00007ffb83de0000 - 0x00007ffb83f8d000 	C:\windows\System32\USER32.dll
0x00007ffb82a00000 - 0x00007ffb82a26000 	C:\windows\System32\win32u.dll
0x00007ffb84b50000 - 0x00007ffb84b79000 	C:\windows\System32\GDI32.dll
0x00007ffb82070000 - 0x00007ffb8218a000 	C:\windows\System32\gdi32full.dll
0x00007ffb826c0000 - 0x00007ffb8275d000 	C:\windows\System32\msvcp_win.dll
0x00007ffb784e0000 - 0x00007ffb784fb000 	C:\Program Files\Java\jdk-11\bin\VCRUNTIME140.dll
0x00007ffb64a20000 - 0x00007ffb64cc5000 	C:\windows\WinSxS\amd64_microsoft.windows.common-controls_6595b64144ccf1df_6.0.22000.120_none_9d947278b86cc467\COMCTL32.dll
0x00007ffb7d4d0000 - 0x00007ffb7d4da000 	C:\windows\SYSTEM32\VERSION.dll
0x00007ffb83450000 - 0x00007ffb83481000 	C:\windows\System32\IMM32.DLL
0x00007ffb7d4e0000 - 0x00007ffb7d4ec000 	C:\Program Files\Java\jdk-11\bin\vcruntime140_1.dll
0x00007ffb5b080000 - 0x00007ffb5b10e000 	C:\Program Files\Java\jdk-11\bin\msvcp140.dll
0x00007ffafcba0000 - 0x00007ffafd708000 	C:\Program Files\Java\jdk-11\bin\server\jvm.dll
0x00007ffb847c0000 - 0x00007ffb847c8000 	C:\windows\System32\PSAPI.DLL
0x00007ffb74d70000 - 0x00007ffb74d79000 	C:\windows\SYSTEM32\WSOCK32.dll
0x00007ffb84ae0000 - 0x00007ffb84b4f000 	C:\windows\System32\WS2_32.dll
0x00007ffb7d990000 - 0x00007ffb7d9c3000 	C:\windows\SYSTEM32\WINMM.dll
0x00007ffb810f0000 - 0x00007ffb81108000 	C:\windows\SYSTEM32\kernel.appcore.dll
0x00007ffb782d0000 - 0x00007ffb782e0000 	C:\Program Files\Java\jdk-11\bin\verify.dll
0x00007ffb73fb0000 - 0x00007ffb741d1000 	C:\windows\SYSTEM32\DBGHELP.DLL
0x00007ffb73910000 - 0x00007ffb73941000 	C:\windows\SYSTEM32\dbgcore.DLL
0x00007ffb82640000 - 0x00007ffb826bf000 	C:\windows\System32\bcryptPrimitives.dll
0x00007ffb6ff60000 - 0x00007ffb6ff88000 	C:\Program Files\Java\jdk-11\bin\java.dll
0x00007ffb77fc0000 - 0x00007ffb77fca000 	C:\Program Files\Java\jdk-11\bin\jimage.dll
0x00007ffb75360000 - 0x00007ffb75377000 	C:\Program Files\Java\jdk-11\bin\zip.dll
0x00007ffb83490000 - 0x00007ffb83c55000 	C:\windows\System32\SHELL32.dll
0x00007ffb80120000 - 0x00007ffb80984000 	C:\windows\SYSTEM32\windows.storage.dll
0x00007ffb82c50000 - 0x00007ffb82fc6000 	C:\windows\System32\combase.dll
0x00007ffb7ffb0000 - 0x00007ffb80117000 	C:\windows\SYSTEM32\wintypes.dll
0x00007ffb846d0000 - 0x00007ffb847ba000 	C:\windows\System32\SHCORE.dll
0x00007ffb84670000 - 0x00007ffb846cd000 	C:\windows\System32\shlwapi.dll
0x00007ffb81fa0000 - 0x00007ffb81fc1000 	C:\windows\SYSTEM32\profapi.dll
0x00007ffb74f20000 - 0x00007ffb74f39000 	C:\Program Files\Java\jdk-11\bin\net.dll
0x00007ffb7d7b0000 - 0x00007ffb7d8c2000 	C:\windows\SYSTEM32\WINHTTP.dll
0x00007ffb81590000 - 0x00007ffb815f7000 	C:\windows\system32\mswsock.dll
0x00007ffb73510000 - 0x00007ffb73522000 	C:\Program Files\Java\jdk-11\bin\nio.dll

dbghelp: loaded successfully - version: 4.0.5 - missing functions: none
symbol engine: initialized successfully - sym options: 0x614 - pdb path: .;C:\Program Files\Java\jdk-11\bin;C:\windows\SYSTEM32;C:\windows\WinSxS\amd64_microsoft.windows.common-controls_6595b64144ccf1df_6.0.22000.120_none_9d947278b86cc467;C:\Program Files\Java\jdk-11\bin\server

VM Arguments:
jvm_args: -Xmx64m -Xms64m -Dorg.gradle.appname=gradlew 
java_command: org.gradle.wrapper.GradleWrapperMain app:installDebug -PreactNativeDevServerPort=8081
java_class_path (initial): C:\Users\oarmo\OneDrive\Documents\Repository\movieFinder\android\\gradle\wrapper\gradle-wrapper.jar
Launcher Type: SUN_STANDARD

[Global flags]
     intx CICompilerCount                          = 3                                         {product} {ergonomic}
     uint ConcGCThreads                            = 1                                         {product} {ergonomic}
     uint G1ConcRefinementThreads                  = 4                                         {product} {ergonomic}
   size_t G1HeapRegionSize                         = 1048576                                   {product} {ergonomic}
    uintx GCDrainStackTargetSize                   = 64                                        {product} {ergonomic}
   size_t InitialHeapSize                          = 67108864                                  {product} {command line}
   size_t MarkStackSize                            = 4194304                                   {product} {ergonomic}
   size_t MaxHeapSize                              = 67108864                                  {product} {command line}
   size_t MaxNewSize                               = 39845888                                  {product} {ergonomic}
   size_t MinHeapDeltaBytes                        = 1048576                                   {product} {ergonomic}
    uintx NonNMethodCodeHeapSize                   = 5830732                                {pd product} {ergonomic}
    uintx NonProfiledCodeHeapSize                  = 122913754                              {pd product} {ergonomic}
    uintx ProfiledCodeHeapSize                     = 122913754                              {pd product} {ergonomic}
    uintx ReservedCodeCacheSize                    = 251658240                              {pd product} {ergonomic}
     bool SegmentedCodeCache                       = true                                      {product} {ergonomic}
     bool UseCompressedClassPointers               = true                                 {lp64_product} {ergonomic}
     bool UseCompressedOops                        = true                                 {lp64_product} {ergonomic}
     bool UseG1GC                                  = true                                      {product} {ergonomic}
     bool UseLargePagesIndividualAllocation        = false                                  {pd product} {ergonomic}

Logging:
Log output configuration:
 #0: stdout all=warning uptime,level,tags
 #1: stderr all=off uptime,level,tags

Environment Variables:
JAVA_HOME=C:\Program Files\Java\jdk-11
CLASSPATH=C:\Users\oarmo\OneDrive\Documents\Repository\movieFinder\android\\gradle\wrapper\gradle-wrapper.jar
PATH=C:\Users\oarmo\OneDrive\Documents\Repository\movieFinder\android\node_modules\.bin;C:\Users\oarmo\OneDrive\Documents\Repository\movieFinder\node_modules\.bin;C:\Users\oarmo\OneDrive\Documents\Repository\node_modules\.bin;C:\Users\oarmo\OneDrive\Documents\node_modules\.bin;C:\Users\oarmo\OneDrive\node_modules\.bin;C:\Users\oarmo\node_modules\.bin;C:\Users\node_modules\.bin;C:\node_modules\.bin;C:\Program Files\nodejs;C:\Users\oarmo\OneDrive\Documents\Repository\movieFinder\node_modules\.bin;C:\Users\oarmo\OneDrive\Documents\Repository\movieFinder\node_modules\.bin;C:\Users\oarmo\OneDrive\Documents\Repository\node_modules\.bin;C:\Users\oarmo\OneDrive\Documents\node_modules\.bin;C:\Users\oarmo\OneDrive\node_modules\.bin;C:\Users\oarmo\node_modules\.bin;C:\Users\node_modules\.bin;C:\node_modules\.bin;C:\Program Files\nodejs\node_modules\npm\node_modules\@npmcli\run-script\lib\node-gyp-bin;C:\Users\oarmo\bin;C:\Program Files\Git\mingw64\bin;C:\Program Files\Git\usr\local\bin;C:\Program Files\Git\usr\bin;C:\Program Files\Git\usr\bin;C:\Program Files\Git\mingw64\bin;C:\Program Files\Git\usr\bin;C:\Users\oarmo\bin;C:\Program Files\Common Files\Oracle\Java\javapath;C:\windows\system32;C:\windows;C:\windows\System32\Wbem;C:\windows\System32\WindowsPowerShell\v1.0;C:\windows\System32\OpenSSH;C:\Program Files\Git\cmd;C:\Program Files\nodejs;C:\Program Files\Docker\Docker\resources\bin;C:\ProgramData\chocolatey\bin;C:\Users\oarmo\AppData\Local\Microsoft\WindowsApps;C:\Users\oarmo\AppData\Local\Programs\Microsoft VS Code\bin;C:\Users\oarmo\AppData\Roaming\npm;C:\Gradle\gradle-7.6.1\bin;C:\Program Files\Java\jdk-11\bin;C:\Users\oarmo\AppData\Local\Android\Sdk\platform-tools;C:\Program Files\Git\usr\bin\vendor_perl;C:\Program Files\Git\usr\bin\core_perl
USERNAME=oarmo
SHELL=C:\Program Files\Git\usr\bin\bash.exe
DISPLAY=needs-to-be-defined
OS=Windows_NT
PROCESSOR_IDENTIFIER=AMD64 Family 23 Model 24 Stepping 1, AuthenticAMD



---------------  S Y S T E M  ---------------

OS: Windows 11 , 64 bit Build 22000 (10.0.22000.1761)
Hyper-V role detected

CPU:total 4 (initial active 4) (4 cores per cpu, 2 threads per core) family 23 model 24 stepping 1 microcode 0x0, cmov, cx8, fxsr, mmx, sse, sse2, sse3, ssse3, sse4.1, sse4.2, popcnt, avx, avx2, aes, clmul, mmxext, 3dnowpref, lzcnt, sse4a, ht, tsc, tscinvbit, tscinv, bmi1, bmi2, adx, s

Memory: 4k page, system-wide physical 6023M (294M free)
TotalPageFile size 21176M (AvailPageFile size 4M)
current process WorkingSet (physical memory assigned to process): 66M, peak: 66M
current process commit charge ("private bytes"): 145M, peak: 146M

vm_info: Java HotSpot(TM) 64-Bit Server VM (11.0.18+9-LTS-195) for windows-amd64 JRE (11.0.18+9-LTS-195), built on Dec  6 2022 15:50:58 by "mach5one" with MS VC++ 17.1 (VS2022)

END.
